168
176
484
780
992
1128
1284
1600
1764
1788
1990
2110
2430
2482
2538
2584
2900
3000
3020
3166
3506
3744
4102
4214
4362
4474
4680
4714
4794
4810
4826
5108
5432
5408
5588
5768
6012
6408
6536
6768
6940
7224
7552
7528
7438
7500
7548
7668
8012
8058
8590
8732
8670
8990
9114
9276
9336
9340
9552
9462
9462
9686
9838
10548
10772
10772
11024
11356
11356
11552
11584
11704
11848
11888
12068
12278
12562
12608
12730
12578
12746
12894
13218
13570
13986
14290
14430
14464
14704
14816
14832
15102
15282
15494
15814
15870
15914
16602
16832